<?xml version="1.0" encoding="UTF-8"?>
<!-- Generated by org.testng.reporters.JUnitXMLReporter -->
<testsuite hostname="DESKTOP-HCFFR5C" ignored="0" name="Login Page Test" tests="10" failures="1" timestamp="07 May 2020 18:17:01 GMT" time="0.262" errors="0">
  <testcase name="LoginLogoutTestWithCorrectCredencials" time="0.016" classname="TestNGAutomationTesting.TestNG.LoginTest"/>
  <testcase name="LoginLogoutTestWithWrongCredencials" time="0.014" classname="TestNGAutomationTesting.TestNG.LoginTest"/>
  <testcase name="emailTest4" time="0.007" classname="TestNGAutomationTesting.TestNG.RegistrationTest"/>
  <testcase name="emailTest3" time="0.003" classname="TestNGAutomationTesting.TestNG.RegistrationTest"/>
  <testcase name="emailTest2" time="0.002" classname="TestNGAutomationTesting.TestNG.RegistrationTest"/>
  <testcase name="phoneTest2" time="0.041" classname="TestNGAutomationTesting.TestNG.RegistrationTest">
    <failure type="java.lang.AssertionError" message="expected [Python] but found [Java]">
      <![CDATA[java.lang.AssertionError: expected [Python] but found [Java]
at TestNGAutomationTesting.TestNG.RegistrationTest.phoneTest2(RegistrationTest.java:58)
... Removed 31 stack frames]]>
    </failure>
  </testcase> <!-- phoneTest2 -->
  <testcase name="phoneTest1" time="0.0" classname="TestNGAutomationTesting.TestNG.RegistrationTest">
    <skipped/>
  </testcase> <!-- phoneTest1 -->
  <testcase name="emailTest1" time="0.002" classname="TestNGAutomationTesting.TestNG.RegistrationTest"/>
  <testcase name="phoneTest4" time="0.001" classname="TestNGAutomationTesting.TestNG.RegistrationTest"/>
  <testcase name="phoneTest3" time="0.001" classname="TestNGAutomationTesting.TestNG.RegistrationTest"/>
</testsuite> <!-- Login Page Test -->
